SF:lib/app/app.locator.dart
DA:19,27
DA:21,0
DA:26,0
DA:30,0
DA:31,0
DA:32,0
DA:33,0
DA:34,0
DA:35,0
DA:36,0
LF:10
LH:1
end_of_record
SF:lib/services/expense_service.dart
DA:11,3
DA:13,1
DA:15,3
DA:16,4
DA:18,0
DA:22,1
DA:24,2
DA:25,4
DA:27,0
DA:31,1
DA:34,3
DA:35,2
DA:37,2
DA:39,0
LF:14
LH:11
end_of_record
SF:lib/services/local_storage_service.dart
DA:28,3
DA:30,2
DA:31,2
DA:33,1
DA:34,2
DA:35,2
DA:36,1
DA:39,1
DA:40,1
DA:43,0
DA:45,0
DA:48,0
DA:49,0
DA:53,1
DA:54,0
DA:55,0
DA:56,0
DA:58,0
DA:61,0
DA:62,0
DA:68,0
DA:69,0
DA:70,0
DA:72,0
DA:73,0
DA:75,3
DA:77,2
DA:78,2
DA:82,0
DA:84,0
DA:85,0
DA:86,0
DA:88,0
DA:92,0
DA:93,0
DA:95,0
DA:96,0
DA:97,0
DA:100,0
DA:105,1
DA:112,2
DA:113,0
DA:114,0
DA:116,0
DA:117,0
DA:118,0
DA:120,1
DA:123,1
DA:125,1
DA:126,1
DA:127,0
DA:128,0
DA:131,3
DA:135,1
DA:137,1
DA:139,0
DA:140,0
DA:141,0
DA:143,0
DA:145,0
DA:146,0
DA:148,3
DA:152,0
DA:154,0
DA:155,0
DA:156,0
DA:157,0
DA:158,0
DA:159,0
DA:161,0
DA:165,1
DA:167,1
DA:168,0
DA:169,0
DA:170,0
DA:172,3
LF:76
LH:26
end_of_record
SF:lib/services/user_settings_service.dart
DA:12,1
DA:13,2
DA:15,1
DA:16,4
DA:19,3
DA:20,3
DA:21,1
DA:22,2
DA:23,3
DA:24,3
DA:26,1
DA:34,2
DA:41,1
DA:42,2
DA:44,0
DA:48,1
DA:50,2
DA:51,2
DA:53,0
DA:57,1
DA:59,2
DA:60,2
DA:62,0
DA:66,1
DA:68,2
DA:70,3
DA:72,0
DA:76,1
DA:78,2
DA:80,3
DA:82,0
LF:31
LH:26
end_of_record
SF:lib/services/local_notification_service.dart
DA:12,0
DA:17,0
DA:18,0
DA:21,0
DA:27,0
DA:31,0
DA:32,0
DA:34,0
DA:38,0
DA:41,0
DA:42,0
DA:45,0
DA:47,0
DA:48,0
DA:52,0
DA:53,0
DA:55,0
DA:58,0
DA:62,0
DA:64,0
DA:69,0
DA:86,0
DA:88,0
DA:92,0
DA:108,0
DA:111,0
DA:113,0
DA:117,0
DA:119,0
DA:120,0
DA:122,0
DA:126,0
DA:127,0
DA:128,0
DA:129,0
DA:130,0
DA:131,0
DA:132,0
DA:133,0
DA:134,0
DA:137,0
DA:138,0
LF:42
LH:0
end_of_record
SF:lib/models/local/expense_data_model.dart
DA:11,5
DA:19,1
DA:26,1
DA:27,0
DA:28,1
DA:29,1
DA:30,1
DA:31,1
DA:35,0
DA:36,0
DA:37,0
DA:38,0
DA:39,0
DA:40,0
DA:41,0
DA:45,0
DA:46,0
DA:47,0
DA:48,0
DA:49,0
DA:50,0
DA:51,0
DA:55,0
DA:57,0
DA:58,0
DA:60,0
DA:62,0
DA:65,2
DA:69,3
DA:70,3
DA:71,0
DA:72,0
DA:73,0
DA:76,0
DA:78,0
DA:79,0
DA:80,0
DA:81,0
DA:82,0
LF:39
LH:10
end_of_record
SF:lib/app/app.logger.dart
DA:22,9
DA:30,9
DA:32,27
DA:33,27
DA:34,9
DA:37,18
DA:38,18
DA:40,45
DA:42,9
DA:43,9
DA:44,9
DA:46,9
DA:47,9
DA:49,18
DA:50,36
DA:52,0
DA:54,18
DA:62,9
DA:64,9
DA:65,9
DA:67,0
DA:68,0
DA:69,0
DA:70,0
DA:73,36
DA:75,27
DA:84,0
DA:86,0
DA:87,0
DA:88,0
DA:92,0
DA:94,0
DA:95,0
DA:96,0
DA:97,0
DA:98,0
DA:99,0
DA:104,0
DA:105,0
DA:106,0
DA:110,27
DA:112,9
DA:113,18
DA:115,9
DA:117,18
DA:118,18
DA:120,18
DA:123,18
DA:124,18
DA:125,18
DA:129,0
DA:133,9
DA:140,9
DA:147,9
DA:148,9
DA:155,18
DA:156,9
LF:57
LH:37
end_of_record
SF:lib/models/local/user_settings_model.dart
DA:10,4
DA:18,0
DA:25,0
DA:26,0
DA:27,0
DA:29,0
DA:30,0
DA:31,0
DA:35,0
DA:36,0
DA:37,0
DA:38,0
DA:39,0
DA:40,0
DA:41,0
DA:45,0
DA:46,0
DA:47,0
DA:48,0
DA:49,0
DA:50,0
DA:52,0
DA:53,0
DA:57,0
DA:59,0
DA:60,0
DA:62,0
DA:64,0
DA:67,0
DA:71,0
DA:72,0
DA:73,0
DA:74,0
DA:75,0
DA:78,0
DA:80,0
DA:81,0
DA:82,0
DA:83,0
DA:84,0
LF:40
LH:1
end_of_record
SF:lib/models/app/currency_model.dart
DA:5,6
DA:8,3
LF:2
LH:2
end_of_record
SF:lib/models/app/language_model.dart
DA:6,1
DA:13,3
DA:14,1
DA:15,1
DA:16,1
DA:17,1
LF:6
LH:6
end_of_record
SF:lib/ui/views/language/language_viewmodel.dart
DA:23,1
DA:24,1
DA:25,1
DA:26,2
DA:29,2
DA:30,2
DA:31,1
DA:32,4
DA:33,1
DA:34,4
DA:35,1
DA:36,4
DA:37,1
DA:38,4
DA:40,1
DA:43,1
DA:44,0
DA:45,0
DA:47,2
DA:48,4
DA:49,2
DA:50,4
DA:53,1
DA:54,2
DA:55,1
DA:56,1
DA:60,1
DA:61,2
DA:62,1
DA:63,4
DA:66,1
DA:67,2
DA:68,1
DA:69,4
DA:72,1
DA:73,1
DA:74,1
DA:75,3
DA:76,1
DA:77,3
DA:80,1
DA:81,1
DA:82,1
DA:83,3
DA:84,1
DA:85,3
DA:88,0
DA:89,0
DA:91,0
DA:92,0
DA:93,0
DA:94,0
DA:96,0
DA:99,0
DA:101,0
LF:55
LH:44
end_of_record
SF:lib/models/app/monthly_summary.dart
DA:9,1
LF:1
LH:1
end_of_record
SF:lib/models/app/type_summary.dart
DA:7,1
LF:1
LH:1
end_of_record
SF:lib/ui/views/summary/summary_viewmodel.dart
DA:17,0
DA:19,3
DA:20,3
DA:22,1
DA:23,1
DA:24,2
DA:27,1
DA:28,2
DA:30,1
DA:31,3
DA:32,1
DA:33,2
DA:35,0
DA:39,1
DA:40,3
DA:42,5
DA:45,1
DA:46,2
DA:48,7
DA:49,4
DA:53,1
DA:56,2
DA:57,1
DA:58,1
DA:59,3
DA:60,3
DA:65,4
DA:68,1
DA:69,2
DA:70,2
DA:71,3
DA:72,1
DA:78,2
DA:79,3
DA:80,1
DA:81,3
DA:83,2
DA:88,1
DA:89,2
DA:90,2
DA:91,1
DA:92,1
DA:93,3
DA:94,1
DA:102,0
DA:107,2
DA:114,3
DA:115,2
DA:118,0
DA:119,0
DA:120,0
LF:51
LH:45
end_of_record
SF:lib/app/app.router.dart
DA:151,0
DA:152,0
DA:154,0
DA:155,0
DA:159,7
DA:168,0
DA:170,0
DA:173,1
DA:176,6
DA:179,0
DA:181,0
DA:186,0
DA:195,0
DA:197,0
DA:200,0
DA:203,0
DA:206,0
DA:208,0
DA:213,0
DA:222,0
DA:224,0
DA:227,0
DA:230,0
DA:233,0
DA:235,0
DA:240,0
DA:249,0
DA:251,0
DA:254,0
DA:257,0
DA:260,0
DA:262,0
DA:267,0
DA:274,0
DA:281,0
DA:288,0
DA:295,0
DA:304,0
DA:305,0
DA:312,0
DA:321,0
DA:322,0
DA:329,0
DA:336,0
DA:343,0
DA:350,0
DA:357,0
DA:366,0
DA:367,0
DA:375,0
DA:384,0
DA:386,0
DA:393,1
DA:400,1
DA:407,0
DA:414,0
DA:421,1
DA:430,1
DA:431,1
DA:438,0
DA:447,0
DA:448,0
DA:455,0
DA:462,0
DA:469,0
DA:476,0
DA:483,0
DA:492,0
DA:493,0
DA:501,0
DA:510,0
DA:512,0
LF:72
LH:8
end_of_record
SF:lib/ui/views/expense/expense_view.dart
DA:13,0
DA:16,0
DA:18,0
DA:24,0
DA:26,0
DA:27,0
DA:28,0
DA:29,0
DA:30,0
DA:34,0
DA:36,0
DA:37,0
DA:39,0
DA:40,0
DA:42,0
DA:43,0
DA:46,0
DA:50,0
DA:52,0
DA:56,0
DA:58,0
DA:59,0
DA:60,0
DA:61,0
DA:62,0
DA:64,0
DA:65,0
DA:66,0
DA:67,0
DA:68,0
DA:70,0
DA:71,0
DA:74,0
DA:76,0
DA:77,0
DA:79,0
DA:81,0
DA:83,0
DA:94,0
DA:95,0
DA:96,0
DA:97,0
DA:102,0
DA:103,0
DA:104,0
DA:106,0
DA:112,0
DA:114,0
DA:116,0
DA:117,0
DA:118,0
DA:120,0
DA:121,0
DA:130,0
DA:131,0
DA:132,0
DA:133,0
DA:135,0
DA:137,0
DA:139,0
DA:140,0
DA:141,0
DA:142,0
DA:144,0
DA:147,0
DA:148,0
DA:151,0
DA:154,0
DA:156,0
DA:157,0
DA:158,0
DA:165,0
DA:166,0
DA:171,0
DA:172,0
DA:176,0
DA:178,0
DA:179,0
DA:180,0
DA:181,0
DA:183,0
DA:193,0
DA:194,0
DA:200,0
DA:207,0
DA:209,0
DA:210,0
DA:211,0
DA:212,0
DA:213,0
DA:215,0
DA:224,0
DA:228,0
DA:229,0
LF:94
LH:0
end_of_record
SF:lib/ui/views/expense_detail/expense_detail_view.dart
DA:16,6
DA:19,0
DA:21,0
DA:27,0
DA:29,0
DA:32,0
DA:34,0
DA:35,0
DA:36,0
DA:40,0
DA:41,0
DA:42,0
DA:43,0
DA:45,0
DA:46,0
DA:48,0
DA:50,0
DA:51,0
DA:52,0
DA:54,0
DA:57,0
DA:63,0
DA:64,0
DA:66,0
DA:68,0
DA:69,0
DA:70,0
DA:72,0
DA:75,0
DA:81,0
DA:82,0
DA:84,0
DA:86,0
DA:87,0
DA:88,0
DA:90,0
DA:93,0
DA:97,0
DA:107,0
DA:111,0
LF:40
LH:1
end_of_record
SF:lib/ui/views/expense_navigator/expense_navigator_view.dart
DA:12,0
DA:15,0
DA:17,0
DA:23,0
DA:24,0
DA:25,0
DA:26,0
DA:27,0
DA:28,0
DA:29,0
DA:30,0
DA:34,0
DA:35,0
DA:38,0
DA:39,0
DA:40,0
DA:41,0
DA:45,0
DA:46,0
DA:52,0
DA:53,0
DA:54,0
DA:62,0
DA:66,0
LF:24
LH:0
end_of_record
SF:lib/ui/views/home/home_view.dart
DA:12,6
DA:14,0
DA:20,0
DA:22,0
DA:23,0
DA:24,0
DA:25,0
DA:26,0
DA:27,0
DA:28,0
DA:29,0
DA:39,0
DA:40,0
DA:43,0
DA:46,0
DA:47,0
DA:48,0
DA:50,0
DA:55,0
DA:56,0
DA:57,0
DA:60,0
DA:61,0
DA:64,0
DA:65,0
DA:74,0
DA:78,0
LF:27
LH:1
end_of_record
SF:lib/ui/views/language/language_view.dart
DA:15,0
DA:17,0
DA:23,0
DA:25,0
DA:26,0
DA:28,0
DA:30,0
DA:31,0
DA:32,0
DA:33,0
DA:34,0
DA:35,0
DA:36,0
DA:39,0
DA:41,0
DA:42,0
DA:51,0
DA:52,0
DA:53,0
DA:54,0
DA:55,0
DA:56,0
DA:57,0
DA:59,0
DA:60,0
DA:61,0
DA:64,0
DA:67,0
DA:69,0
DA:70,0
DA:79,0
DA:80,0
DA:81,0
DA:82,0
DA:83,0
DA:85,0
DA:87,0
DA:88,0
DA:89,0
DA:90,0
DA:91,0
DA:102,0
DA:104,0
DA:105,0
DA:106,0
DA:107,0
DA:108,0
DA:110,0
DA:119,0
DA:133,0
DA:134,0
DA:135,0
DA:136,0
DA:137,0
DA:138,0
DA:140,0
DA:141,0
DA:142,0
DA:145,0
DA:147,0
DA:149,0
DA:151,0
DA:156,0
DA:160,0
DA:168,0
DA:179,0
DA:184,0
DA:185,0
DA:186,0
DA:191,0
DA:193,0
DA:194,0
DA:195,0
DA:197,0
DA:200,0
DA:201,0
DA:211,0
DA:212,0
DA:213,0
DA:216,0
DA:218,0
DA:220,0
DA:221,0
DA:225,0
DA:226,0
DA:230,0
DA:233,0
DA:243,0
DA:245,0
LF:89
LH:0
end_of_record
SF:lib/ui/views/settings/settings_view.dart
DA:12,12
DA:14,0
DA:20,0
DA:22,0
DA:23,0
DA:24,0
DA:25,0
DA:26,0
DA:27,0
DA:28,0
DA:29,0
DA:30,0
DA:31,0
DA:37,0
DA:39,0
LF:15
LH:1
end_of_record
SF:lib/ui/views/startup/startup_view.dart
DA:11,6
DA:13,0
DA:19,0
DA:21,0
DA:22,0
DA:24,0
DA:25,0
DA:26,0
DA:31,0
DA:32,0
DA:37,0
DA:39,0
DA:40,0
DA:41,0
DA:64,0
DA:68,0
DA:70,0
DA:71,0
DA:72,0
LF:19
LH:1
end_of_record
SF:lib/ui/views/summary/summary_view.dart
DA:11,12
DA:13,0
DA:19,0
DA:21,0
DA:22,0
DA:23,0
DA:24,0
DA:25,0
DA:29,0
DA:32,0
DA:34,0
DA:35,0
DA:36,0
DA:37,0
DA:38,0
DA:41,0
DA:43,0
DA:44,0
DA:46,0
DA:48,0
DA:49,0
DA:50,0
DA:52,0
DA:56,0
DA:61,0
DA:62,0
DA:63,0
DA:68,0
DA:69,0
DA:70,0
DA:72,0
DA:80,0
DA:81,0
DA:82,0
DA:83,0
DA:84,0
DA:85,0
DA:96,0
DA:97,0
DA:100,0
DA:101,0
DA:102,0
DA:104,0
DA:105,0
DA:108,0
DA:110,0
DA:112,0
DA:113,0
DA:114,0
DA:120,0
DA:121,0
DA:125,0
DA:126,0
DA:129,0
DA:131,0
DA:132,0
DA:133,0
DA:134,0
DA:135,0
DA:142,0
DA:143,0
DA:150,0
DA:160,0
DA:164,0
LF:64
LH:1
end_of_record
SF:lib/models/app/daily_summary.dart
DA:9,1
LF:1
LH:1
end_of_record
SF:lib/ui/common/ui_helpers.dart
DA:22,0
DA:30,0
DA:32,0
DA:33,0
DA:35,0
DA:37,0
DA:39,0
DA:41,0
DA:43,0
DA:44,0
DA:46,0
DA:47,0
DA:49,0
DA:50,0
DA:52,0
DA:53,0
DA:54,0
DA:55,0
DA:57,0
DA:58,0
DA:60,0
DA:61,0
DA:63,0
DA:64,0
DA:66,0
DA:67,0
DA:69,0
DA:73,0
DA:74,0
LF:29
LH:0
end_of_record
SF:lib/ui/common/widgets/custom_elevated_button.dart
DA:11,0
DA:21,0
DA:22,0
DA:26,0
DA:28,0
DA:29,0
DA:31,0
DA:32,0
DA:33,0
DA:34,0
DA:35,0
DA:38,0
DA:39,0
DA:40,0
DA:41,0
DA:43,0
DA:44,0
DA:45,0
DA:46,0
LF:19
LH:0
end_of_record
SF:lib/ui/common/widgets/custom_page_route.dart
DA:4,0
DA:6,0
LF:2
LH:0
end_of_record
SF:lib/util/number_format_util.dart
DA:4,0
DA:11,0
DA:14,0
DA:19,0
DA:26,0
DA:29,0
LF:6
LH:0
end_of_record
SF:lib/ui/views/expense/expense_viewmodel.dart
DA:20,1
DA:22,1
DA:23,2
DA:25,0
DA:27,0
DA:29,0
DA:30,0
DA:31,0
DA:33,0
DA:34,0
DA:35,0
DA:37,1
DA:38,2
DA:39,3
DA:40,3
DA:41,1
DA:44,1
DA:45,6
DA:46,1
DA:47,2
DA:50,1
DA:51,4
DA:52,2
DA:53,2
DA:54,2
DA:55,0
DA:56,1
DA:57,1
DA:58,3
DA:61,1
DA:62,3
DA:63,1
DA:64,2
DA:67,0
DA:69,0
DA:70,0
DA:72,0
DA:76,0
DA:78,0
DA:79,0
DA:80,0
DA:82,0
DA:86,1
DA:87,2
DA:90,5
DA:93,1
DA:94,2
DA:96,11
DA:97,4
DA:101,1
DA:104,2
DA:105,1
DA:106,1
DA:107,3
DA:108,3
DA:109,3
DA:113,4
DA:119,3
DA:124,2
DA:132,2
DA:135,0
DA:136,0
DA:137,0
LF:63
LH:42
end_of_record
SF:lib/ui/views/expense_detail/components/amount_component.dart
DA:7,0
DA:9,0
DA:11,0
DA:12,0
DA:13,0
DA:14,0
DA:16,0
DA:17,0
DA:19,0
DA:21,0
DA:22,0
DA:23,0
DA:31,0
LF:13
LH:0
end_of_record
SF:lib/ui/views/expense_detail/expense_detail_viewmodel.dart
DA:34,0
DA:35,2
DA:36,2
DA:37,2
DA:38,2
DA:39,2
DA:40,0
DA:41,2
DA:42,2
DA:43,0
DA:45,1
DA:46,1
DA:49,1
DA:52,1
DA:53,2
DA:55,1
DA:56,4
DA:58,1
DA:59,2
DA:60,2
DA:61,2
DA:62,2
DA:63,2
DA:64,2
DA:66,2
DA:68,2
DA:70,1
DA:71,3
DA:72,4
DA:73,3
DA:74,3
DA:75,4
DA:77,2
DA:80,0
DA:81,0
DA:82,0
DA:83,0
DA:84,0
DA:87,1
DA:88,1
DA:91,2
DA:93,3
DA:94,2
DA:97,0
DA:102,1
DA:103,1
DA:106,1
DA:107,3
DA:109,2
DA:113,2
DA:114,2
DA:117,0
DA:123,1
DA:125,3
DA:126,2
DA:129,0
DA:134,1
DA:135,1
DA:136,2
DA:137,2
DA:138,1
DA:139,1
DA:140,3
DA:144,1
DA:145,1
DA:146,3
DA:147,1
DA:148,2
DA:151,1
DA:152,3
DA:153,1
DA:154,2
DA:160,1
DA:161,1
DA:163,1
DA:165,3
DA:167,1
DA:168,2
DA:169,3
DA:172,1
DA:173,3
DA:174,4
DA:175,0
DA:176,0
DA:179,0
DA:182,1
DA:185,1
DA:186,1
DA:187,1
DA:190,1
DA:191,1
DA:192,1
DA:195,1
DA:196,1
DA:197,1
DA:198,1
DA:201,1
DA:202,1
DA:203,2
DA:204,2
DA:205,1
DA:206,1
DA:209,1
DA:210,3
DA:211,4
DA:212,2
DA:213,2
DA:214,1
DA:216,3
DA:218,1
DA:221,1
DA:222,1
DA:223,2
DA:224,5
DA:225,3
LF:115
LH:101
end_of_record
SF:lib/ui/views/expense_detail/components/category_component.dart
DA:12,0
DA:14,0
DA:16,0
DA:18,0
DA:20,0
DA:22,0
DA:24,0
DA:25,0
DA:26,0
DA:29,0
DA:30,0
DA:31,0
DA:33,0
DA:35,0
DA:36,0
DA:38,0
DA:39,0
DA:40,0
DA:51,0
DA:52,0
DA:53,0
DA:54,0
DA:56,0
DA:59,0
DA:63,0
DA:64,0
DA:65,0
DA:68,0
DA:69,0
DA:70,0
DA:71,0
DA:72,0
DA:74,0
DA:77,0
DA:78,0
DA:79,0
DA:81,0
DA:83,0
DA:84,0
DA:91,0
DA:94,0
DA:96,0
DA:98,0
DA:99,0
LF:44
LH:0
end_of_record
SF:lib/ui/views/expense_detail/components/date_component.dart
DA:9,0
DA:11,0
DA:12,0
DA:14,0
DA:15,0
DA:17,0
DA:20,0
DA:21,0
DA:25,0
DA:27,0
DA:28,0
DA:29,0
DA:31,0
DA:32,0
DA:35,0
DA:36,0
DA:41,0
DA:42,0
LF:18
LH:0
end_of_record
SF:lib/ui/views/expense_detail/components/description_component.dart
DA:7,0
DA:9,0
DA:11,0
DA:12,0
DA:15,0
DA:16,0
LF:6
LH:0
end_of_record
SF:lib/ui/views/expense_navigator/expense_navigator_viewmodel.dart
DA:7,0
DA:9,0
LF:2
LH:0
end_of_record
SF:lib/ui/views/home/home_viewmodel.dart
DA:46,0
DA:47,0
DA:48,0
DA:49,0
DA:50,0
DA:51,0
DA:52,0
DA:54,0
DA:55,0
DA:56,0
DA:58,0
DA:59,0
DA:60,0
DA:62,0
DA:66,0
DA:68,0
DA:69,0
DA:70,0
DA:72,0
DA:76,0
DA:78,0
DA:79,0
DA:80,0
DA:82,0
DA:87,0
LF:25
LH:0
end_of_record
SF:lib/ui/views/settings/components/daily_notification_tile.dart
DA:10,0
DA:11,0
DA:13,0
DA:15,0
DA:17,0
DA:19,0
DA:20,0
DA:21,0
DA:26,0
DA:27,0
DA:28,0
DA:29,0
DA:30,0
LF:13
LH:0
end_of_record
SF:lib/ui/views/settings/settings_viewmodel.dart
DA:28,0
DA:29,0
DA:30,0
DA:33,0
DA:34,0
DA:35,0
DA:36,0
DA:37,0
DA:40,0
DA:42,0
DA:43,0
DA:44,0
DA:45,0
DA:48,0
DA:49,0
DA:51,0
DA:52,0
DA:54,0
DA:55,0
DA:58,0
DA:60,0
DA:61,0
DA:62,0
DA:64,0
DA:68,0
DA:70,0
DA:71,0
DA:72,0
DA:74,0
DA:75,0
DA:76,0
DA:77,0
DA:78,0
DA:79,0
DA:80,0
DA:81,0
DA:83,0
DA:85,0
DA:86,0
DA:87,0
DA:95,0
DA:96,0
DA:98,0
DA:100,0
DA:104,0
DA:106,0
DA:107,0
DA:108,0
DA:109,0
DA:110,0
DA:112,0
DA:113,0
DA:115,0
DA:119,0
DA:121,0
DA:122,0
DA:123,0
DA:125,0
DA:129,0
DA:131,0
DA:133,0
DA:134,0
DA:136,0
DA:138,0
DA:139,0
DA:141,0
DA:145,0
DA:149,0
DA:151,0
DA:152,0
DA:153,0
DA:154,0
DA:156,0
DA:160,0
DA:161,0
DA:162,0
LF:76
LH:0
end_of_record
SF:lib/ui/views/settings/components/delete_data_tile.dart
DA:10,0
DA:12,0
DA:14,0
DA:15,0
DA:16,0
DA:18,0
DA:19,0
LF:7
LH:0
end_of_record
SF:lib/ui/views/settings/components/generate_mock_data_tile.dart
DA:9,0
DA:10,0
DA:12,0
DA:14,0
DA:15,0
DA:16,0
DA:18,0
DA:20,0
DA:21,0
LF:9
LH:0
end_of_record
SF:lib/ui/views/settings/components/language_currency_tile.dart
DA:9,0
DA:10,0
DA:12,0
DA:14,0
DA:16,0
DA:18,0
DA:19,0
DA:21,0
DA:22,0
DA:24,0
LF:10
LH:0
end_of_record
SF:lib/ui/views/settings/components/notification_time_tile.dart
DA:11,0
DA:12,0
DA:14,0
DA:15,0
DA:17,0
DA:19,0
DA:20,0
DA:24,0
DA:25,0
DA:26,0
DA:27,0
DA:28,0
DA:31,0
DA:33,0
DA:35,0
DA:37,0
DA:38,0
DA:39,0
DA:44,0
DA:45,0
LF:20
LH:0
end_of_record
SF:lib/ui/views/startup/startup_viewmodel.dart
DA:15,1
DA:16,2
DA:17,1
DA:19,2
DA:20,2
DA:21,2
DA:23,2
DA:24,2
LF:8
LH:8
end_of_record
SF:lib/main_viewmodel.dart
DA:13,1
DA:14,2
DA:16,1
DA:17,3
DA:19,1
DA:20,2
DA:24,0
DA:26,0
DA:27,0
LF:9
LH:6
end_of_record
